nohup: ignoring input

> my-v0-project@0.1.0 dev
> next dev

 ⚠ Port 3000 is in use by an unknown process, using available port 3001 instead.
   ▲ Next.js 15.5.2
   - Local:        http://localhost:3001
   - Network:      http://69.62.73.84:3001
   - Environments: .env.local, .env
   - Experiments (use with caution):
     ✓ optimizeCss
     ✓ scrollRestoration

 ✓ Starting...
 ✓ Ready in 1839ms
 ○ Compiling /api/companies/[id] ...
 ✓ Compiled /api/companies/[id] in 2.7s (442 modules)
[33m[auth][warn][debug-enabled][0m Read more: https://warnings.authjs.dev
 GET /api/companies/public 403 in 3488ms
 ✓ Compiled in 175ms (194 modules)
 ✓ Compiled /api/companies/public in 214ms (297 modules)
 GET /api/companies/public 200 in 359ms
 ○ Compiling /middleware ...
 ✓ Compiled /middleware in 950ms (258 modules)
 ○ Compiling /companies ...
 ✓ Compiled /companies in 6s (1560 modules)
 GET /companies 200 in 6584ms
 ✓ Compiled /api/companies/public in 334ms (858 modules)
 GET /api/companies/public 200 in 525ms
 GET /api/companies/public 200 in 69ms
 GET /companies 200 in 410ms
 GET /api/companies/public 200 in 80ms
 GET /api/companies/public 200 in 68ms
 GET /companies 200 in 158ms
 GET /api/companies/public 200 in 86ms
 ✓ Compiled in 920ms (814 modules)
 ✓ Compiled in 538ms (711 modules)
 ✓ Compiled in 632ms (711 modules)
 ✓ Compiled /companies in 282ms (858 modules)
 GET /companies 200 in 942ms
 ⚠ Server is approaching the used memory threshold, restarting...
   ▲ Next.js 15.5.2
   - Local:        http://localhost:3001
   - Network:      http://69.62.73.84:3001
   - Environments: .env.local, .env
   - Experiments (use with caution):
     ✓ optimizeCss
     ✓ scrollRestoration

 ✓ Starting...
 ✓ Ready in 1711ms
