2025-08-25T18:31:45:    ▲ Next.js 15.4.5
2025-08-25T18:31:45:    - Local:        http://localhost:3000
2025-08-25T18:31:45:    - Network:      http://0.0.0.0:3000
2025-08-25T18:31:45: 
2025-08-25T18:31:45:  ✓ Starting...
2025-08-25T18:31:49:  ✓ Ready in 11.7s
2025-08-25T18:32:14: prisma:error 
2025-08-25T18:32:14: Invalid `prisma.$queryRaw()` invocation:
2025-08-25T18:32:14: 
2025-08-25T18:32:14: 
2025-08-25T18:32:14: Authentication failed against database server, the provided database credentials for `username` are not valid.
2025-08-25T18:32:14: 
2025-08-25T18:32:14: Please make sure to provide valid database credentials for the database server at the configured address.
2025-08-25T23:22:43:    ▲ Next.js 15.4.5
2025-08-25T23:22:43:    - Local:        http://srv939274.hstgr.cloud:3000
2025-08-25T23:22:43:    - Network:      http://srv939274.hstgr.cloud:3000
2025-08-25T23:22:43: 
2025-08-25T23:22:43:  ✓ Starting...
2025-08-25T23:22:44:  ✓ Ready in 492ms
2025-08-25T23:26:44:    ▲ Next.js 15.4.5
2025-08-25T23:26:44:    - Local:        http://srv939274.hstgr.cloud:3000
2025-08-25T23:26:44:    - Network:      http://srv939274.hstgr.cloud:3000
2025-08-25T23:26:44: 
2025-08-25T23:26:44:  ✓ Starting...
2025-08-25T23:26:44:  ✓ Ready in 350ms
2025-08-25T23:36:00:    ▲ Next.js 15.4.5
2025-08-25T23:36:00:    - Local:        http://srv939274.hstgr.cloud:3000
2025-08-25T23:36:00:    - Network:      http://srv939274.hstgr.cloud:3000
2025-08-25T23:36:00: 
2025-08-25T23:36:00:  ✓ Starting...
2025-08-25T23:36:00:  ✓ Ready in 486ms
2025-08-25T23:43:18:    ▲ Next.js 15.4.5
2025-08-25T23:43:18:    - Local:        http://srv939274.hstgr.cloud:3000
2025-08-25T23:43:18:    - Network:      http://srv939274.hstgr.cloud:3000
2025-08-25T23:43:18: 
2025-08-25T23:43:18:  ✓ Starting...
2025-08-25T23:43:19:  ✓ Ready in 455ms
2025-08-25T23:48:50:    ▲ Next.js 15.4.5
2025-08-25T23:48:50:    - Local:        http://srv939274.hstgr.cloud:3000
2025-08-25T23:48:50:    - Network:      http://srv939274.hstgr.cloud:3000
2025-08-25T23:48:50: 
2025-08-25T23:48:50:  ✓ Starting...
2025-08-25T23:48:50:  ✓ Ready in 459ms
2025-08-25T23:52:03:    ▲ Next.js 15.4.5
2025-08-25T23:52:03:    - Local:        http://srv939274.hstgr.cloud:3000
2025-08-25T23:52:03:    - Network:      http://srv939274.hstgr.cloud:3000
2025-08-25T23:52:03: 
2025-08-25T23:52:03:  ✓ Starting...
2025-08-25T23:52:03:  ✓ Ready in 448ms
2025-08-26T00:16:48:    ▲ Next.js 15.4.5
2025-08-26T00:16:48:    - Local:        http://srv939274.hstgr.cloud:3000
2025-08-26T00:16:48:    - Network:      http://srv939274.hstgr.cloud:3000
2025-08-26T00:16:48: 
2025-08-26T00:16:48:  ✓ Starting...
2025-08-26T00:16:48:  ✓ Ready in 351ms
2025-09-01T21:38:16:    ▲ Next.js 15.4.5
2025-09-01T21:38:16:    - Local:        http://cursor:3000
2025-09-01T21:38:16:    - Network:      http://cursor:3000
2025-09-01T21:38:16: 
2025-09-01T21:38:16:  ✓ Starting...
2025-09-01T21:38:16:  ✓ Ready in 269ms
2025-09-01T21:38:36: [next-auth][warn][DEBUG_ENABLED] 
2025-09-01T21:38:36: https://next-auth.js.org/warnings#debug_enabled
