[2025-08-21 16:10:30] [INFO] Setting up deployment environment...
[2025-08-21 16:10:31] [SUCCESS] Directories created successfully
[2025-08-21 16:10:35] [INFO] Checking prerequisites...
[2025-08-21 16:10:36] [INFO] Node.js version: v22.16.0
[2025-08-21 16:10:38] [INFO] npm version: 11.4.1
[2025-08-21 16:10:45] [INFO] PM2 version: [32m[PM2] [39mSpawning PM2 daemon with pm2_home=C:\Users\anams\.pm2 [32m[PM2] [39mPM2 Successfully daemonized 6.0.8
[2025-08-21 16:10:45] [SUCCESS] All prerequisites are satisfied
[0;32m[2025-08-25 23:20:27][0m Starting production deployment...
[0;32m[2025-08-25 23:20:27][0m Creating backup of current deployment...
[0;32m[SUCCESS][0m Backup created: ./backups/backup-20250825-232027
[0;32m[2025-08-25 23:20:31][0m Installing dependencies...
[0;34m[INFO][0m Production dependencies installed
[0;32m[2025-08-25 23:20:56][0m Building application...
[0;32m[SUCCESS][0m Application built successfully
[0;32m[2025-08-25 23:21:34][0m Starting application...
[0;32m[2025-09-01 13:23:43][0m Starting production deployment...
[0;32m[2025-09-01 13:23:43][0m Creating backup of current deployment...
[0;32m[SUCCESS][0m Backup created: ./backups/backup-20250901-132343
[0;32m[2025-09-01 13:23:48][0m Installing dependencies...
[0;34m[INFO][0m Production dependencies installed
[0;32m[2025-09-01 13:24:28][0m Building application...
[0;32m[SUCCESS][0m Application built successfully
[0;32m[2025-09-01 13:24:57][0m Starting application...
[0;32m[2025-09-01 15:49:47][0m Checking prerequisites...
[0;32m[SUCCESS][0m All prerequisites are satisfied
[0;32m[2025-09-01 15:49:54][0m Setting up deployment environment...
[0;32m[SUCCESS][0m Directories created successfully
[0;32m[2025-09-01 15:50:00][0m Creating backup of current deployment...
[0;32m[SUCCESS][0m Backup created: ./backups/backup-20250901-155000
[0;32m[2025-09-01 15:50:10][0m Starting production deployment...
[0;32m[2025-09-01 15:50:10][0m Creating backup of current deployment...
[0;32m[SUCCESS][0m Backup created: ./backups/backup-20250901-155010
[0;32m[2025-09-01 15:50:13][0m Installing dependencies...
[0;34m[INFO][0m Production dependencies installed
[0;32m[2025-09-01 15:50:39][0m Building application...
[0;32m[SUCCESS][0m Application built successfully
[0;32m[2025-09-01 15:51:06][0m Starting application...
[0;32m[2025-09-01 15:52:28][0m Starting application...
[0;32m[2025-09-01 15:52:34][0m Showing application status...
[0;32m[2025-09-01 15:52:45][0m Showing application logs...
[0;32m[2025-09-01 15:56:46][0m Starting hot reload deployment...
[0;32m[2025-09-01 15:56:46][0m Stopping application...
[0;32m[SUCCESS][0m Application stopped with PM2
[0;32m[2025-09-01 15:56:46][0m Installing dependencies...
[0;34m[INFO][0m All dependencies installed
[0;32m[2025-09-01 15:56:52][0m Building application...
[0;32m[SUCCESS][0m Application built successfully
[0;32m[2025-09-01 15:57:22][0m Starting application...
[0;32m[2025-09-01 16:06:53][0m Starting hot reload deployment...
[0;32m[2025-09-01 16:06:53][0m Stopping application...
[0;32m[SUCCESS][0m Application stopped with PM2
[0;32m[2025-09-01 16:06:54][0m Installing dependencies...
[0;34m[INFO][0m All dependencies installed
[0;32m[2025-09-01 16:06:57][0m Building application...
[0;32m[SUCCESS][0m Application built successfully
[0;32m[2025-09-01 16:07:22][0m Starting application...
[0;32m[2025-09-01 16:07:55][0m Stopping application...
[0;32m[SUCCESS][0m Application stopped with PM2
[0;32m[2025-09-01 16:08:00][0m Showing application status...
[0;32m[2025-09-01 16:09:16][0m Starting application...
[0;32m[2025-09-01 16:10:41][0m Starting application...
[0;32m[2025-09-01 16:11:24][0m Starting application...
[0;32m[2025-09-01 16:12:20][0m Starting application...
[0;32m[2025-09-02 00:21:17][0m Stopping application...
[0;32m[SUCCESS][0m Application stopped with PM2
[0;32m[2025-09-02 00:21:35][0m Installing dependencies...
[0;34m[INFO][0m All dependencies installed
[0;32m[2025-09-02 00:21:59][0m Building application...
[0;32m[SUCCESS][0m Application built successfully
[0;32m[2025-09-02 00:22:52][0m Starting application...
[0;32m[2025-09-02 00:38:35][0m Building application...
[0;32m[2025-09-02 00:43:27][0m Building application...
[0;32m[2025-09-02 00:44:54][0m Building application...
[0;32m[SUCCESS][0m Application built successfully
[0;32m[2025-09-02 00:49:50][0m Building application...
[0;32m[SUCCESS][0m Application built successfully
[0;32m[2025-09-02 01:07:35][0m Building application...
[0;32m[SUCCESS][0m Application built successfully
[0;32m[2025-09-02 02:38:50][0m Checking prerequisites...
[0;32m[SUCCESS][0m All prerequisites are satisfied
[0;32m[2025-09-02 02:39:21][0m Setting up deployment environment...
[0;32m[SUCCESS][0m Directories created successfully
[0;32m[2025-09-02 02:39:40][0m Starting production deployment...
[0;32m[2025-09-02 02:39:40][0m Creating backup of current deployment...
[0;32m[SUCCESS][0m Backup created: ./backups/backup-20250902-023940
[0;32m[2025-09-02 02:39:44][0m Installing dependencies...
[0;34m[INFO][0m Production dependencies installed
[0;32m[2025-09-02 02:40:09][0m Building application...
[0;32m[SUCCESS][0m Application built successfully
[0;32m[2025-09-02 02:40:42][0m Starting application...
[0;32m[2025-09-02 13:27:44][0m Starting production deployment...
[0;32m[2025-09-02 13:27:44][0m Creating backup of current deployment...
[0;32m[SUCCESS][0m Backup created: ./backups/backup-20250902-132744
[0;32m[2025-09-02 13:27:49][0m Installing dependencies...
[0;34m[INFO][0m Production dependencies installed
[0;32m[2025-09-02 13:28:24][0m Building application...
[0;32m[SUCCESS][0m Application built successfully
[0;32m[2025-09-02 13:28:54][0m Starting application...
[0;32m[2025-09-02 13:31:25][0m Cleaning build artifacts...
[0;32m[SUCCESS][0m Build artifacts cleaned
[0;32m[2025-09-02 13:31:44][0m Building application...
[0;32m[SUCCESS][0m Application built successfully
[0;32m[2025-09-02 13:53:15][0m Building application...
[0;32m[SUCCESS][0m Application built successfully
[0;32m[2025-09-02 14:11:21][0m Building application...
[0;32m[SUCCESS][0m Application built successfully
[0;32m[2025-09-02 14:20:22][0m Building application...
[0;32m[SUCCESS][0m Application built successfully
[0;32m[2025-09-02 14:24:09][0m Building application...
[0;32m[SUCCESS][0m Application built successfully
