2025-08-25T18:31:45:    ▲ Next.js 15.4.5
2025-08-25T18:31:45:    - Local:        http://localhost:3000
2025-08-25T18:31:45:    - Network:      http://0.0.0.0:3000
2025-08-25T18:31:45: 
2025-08-25T18:31:45:  ✓ Starting...
2025-08-25T18:31:49:  ✓ Ready in 11.7s
2025-08-25T18:32:14: prisma:error 
2025-08-25T18:32:14: Invalid `prisma.$queryRaw()` invocation:
2025-08-25T18:32:14: 
2025-08-25T18:32:14: 
2025-08-25T18:32:14: Authentication failed against database server, the provided database credentials for `username` are not valid.
2025-08-25T18:32:14: 
2025-08-25T18:32:14: Please make sure to provide valid database credentials for the database server at the configured address.
2025-08-25T23:22:43:    ▲ Next.js 15.4.5
2025-08-25T23:22:43:    - Local:        http://srv939274.hstgr.cloud:3000
2025-08-25T23:22:43:    - Network:      http://srv939274.hstgr.cloud:3000
2025-08-25T23:22:43: 
2025-08-25T23:22:43:  ✓ Starting...
2025-08-25T23:22:44:  ✓ Ready in 492ms
2025-08-25T23:26:44:    ▲ Next.js 15.4.5
2025-08-25T23:26:44:    - Local:        http://srv939274.hstgr.cloud:3000
2025-08-25T23:26:44:    - Network:      http://srv939274.hstgr.cloud:3000
2025-08-25T23:26:44: 
2025-08-25T23:26:44:  ✓ Starting...
2025-08-25T23:26:44:  ✓ Ready in 350ms
2025-08-25T23:36:00:    ▲ Next.js 15.4.5
2025-08-25T23:36:00:    - Local:        http://srv939274.hstgr.cloud:3000
2025-08-25T23:36:00:    - Network:      http://srv939274.hstgr.cloud:3000
2025-08-25T23:36:00: 
2025-08-25T23:36:00:  ✓ Starting...
2025-08-25T23:36:00:  ✓ Ready in 486ms
2025-08-25T23:43:18:    ▲ Next.js 15.4.5
2025-08-25T23:43:18:    - Local:        http://srv939274.hstgr.cloud:3000
2025-08-25T23:43:18:    - Network:      http://srv939274.hstgr.cloud:3000
2025-08-25T23:43:18: 
2025-08-25T23:43:18:  ✓ Starting...
2025-08-25T23:43:19:  ✓ Ready in 455ms
2025-08-25T23:48:50:    ▲ Next.js 15.4.5
2025-08-25T23:48:50:    - Local:        http://srv939274.hstgr.cloud:3000
2025-08-25T23:48:50:    - Network:      http://srv939274.hstgr.cloud:3000
2025-08-25T23:48:50: 
2025-08-25T23:48:50:  ✓ Starting...
2025-08-25T23:48:50:  ✓ Ready in 459ms
2025-08-25T23:52:03:    ▲ Next.js 15.4.5
2025-08-25T23:52:03:    - Local:        http://srv939274.hstgr.cloud:3000
2025-08-25T23:52:03:    - Network:      http://srv939274.hstgr.cloud:3000
2025-08-25T23:52:03: 
2025-08-25T23:52:03:  ✓ Starting...
2025-08-25T23:52:03:  ✓ Ready in 448ms
2025-08-26T00:16:48:    ▲ Next.js 15.4.5
2025-08-26T00:16:48:    - Local:        http://srv939274.hstgr.cloud:3000
2025-08-26T00:16:48:    - Network:      http://srv939274.hstgr.cloud:3000
2025-08-26T00:16:48: 
2025-08-26T00:16:48:  ✓ Starting...
2025-08-26T00:16:48:  ✓ Ready in 351ms
2025-09-02T00:21:40:    ▲ Next.js 15.4.5
2025-09-02T00:21:40:    - Local:        http://localhost:3000
2025-09-02T00:21:40:    - Network:      http://69.62.73.84:3000
2025-09-02T00:21:40: 
2025-09-02T00:21:40:  ✓ Starting...
2025-09-02T00:21:40:  ✓ Ready in 327ms
2025-09-09T21:20:17:    ▲ Next.js 15.5.2
2025-09-09T21:20:17:    - Local:        http://localhost:3000
2025-09-09T21:20:17:    - Network:      http://69.62.73.84:3000
2025-09-09T21:20:17: 
2025-09-09T21:20:17:  ✓ Starting...
2025-09-09T21:20:17:  ✓ Ready in 325ms
2025-09-09T21:22:26:    ▲ Next.js 15.5.2
2025-09-09T21:22:26:    - Local:        http://localhost:3000
2025-09-09T21:22:26:    - Network:      http://69.62.73.84:3000
2025-09-09T21:22:26: 
2025-09-09T21:22:26:  ✓ Starting...
2025-09-09T21:22:26:  ✓ Ready in 280ms
2025-09-09T21:27:10:    ▲ Next.js 15.5.2
2025-09-09T21:27:10:    - Local:        http://localhost:3000
2025-09-09T21:27:10:    - Network:      http://69.62.73.84:3000
2025-09-09T21:27:10: 
2025-09-09T21:27:10:  ✓ Starting...
2025-09-09T21:27:10:  ✓ Ready in 293ms
2025-09-09T21:29:33:    ▲ Next.js 15.5.2
2025-09-09T21:29:33:    - Local:        http://localhost:3000
2025-09-09T21:29:33:    - Network:      http://69.62.73.84:3000
2025-09-09T21:29:33: 
2025-09-09T21:29:33:  ✓ Starting...
2025-09-09T21:29:33:  ✓ Ready in 295ms
2025-09-09T21:31:04:    ▲ Next.js 15.5.2
2025-09-09T21:31:04:    - Local:        http://localhost:3000
2025-09-09T21:31:04:    - Network:      http://69.62.73.84:3000
2025-09-09T21:31:04: 
2025-09-09T21:31:04:  ✓ Starting...
2025-09-09T21:31:04:  ✓ Ready in 303ms
2025-09-09T21:33:54:    ▲ Next.js 15.5.2
2025-09-09T21:33:54:    - Local:        http://localhost:3000
2025-09-09T21:33:54:    - Network:      http://69.62.73.84:3000
2025-09-09T21:33:54: 
2025-09-09T21:33:54:  ✓ Starting...
2025-09-09T21:33:55:  ✓ Ready in 295ms
2025-09-09T21:35:44:    ▲ Next.js 15.5.2
2025-09-09T21:35:44:    - Local:        http://localhost:3000
2025-09-09T21:35:44:    - Network:      http://69.62.73.84:3000
2025-09-09T21:35:44: 
2025-09-09T21:35:44:  ✓ Starting...
2025-09-09T21:35:44:  ✓ Ready in 362ms
2025-09-09T21:38:59:    ▲ Next.js 15.5.2
2025-09-09T21:38:59:    - Local:        http://localhost:3000
2025-09-09T21:38:59:    - Network:      http://69.62.73.84:3000
2025-09-09T21:38:59: 
2025-09-09T21:38:59:  ✓ Starting...
2025-09-09T21:38:59:  ✓ Ready in 303ms
2025-09-09T21:45:55:    ▲ Next.js 15.5.2
2025-09-09T21:45:55:    - Local:        http://localhost:3000
2025-09-09T21:45:55:    - Network:      http://69.62.73.84:3000
2025-09-09T21:45:55: 
2025-09-09T21:45:55:  ✓ Starting...
2025-09-09T21:45:55:  ✓ Ready in 361ms
2025-09-09T21:48:25:    ▲ Next.js 15.5.2
2025-09-09T21:48:25:    - Local:        http://localhost:3000
2025-09-09T21:48:25:    - Network:      http://69.62.73.84:3000
2025-09-09T21:48:25: 
2025-09-09T21:48:25:  ✓ Starting...
2025-09-09T21:48:26:  ✓ Ready in 291ms
2025-09-09T23:17:29:    ▲ Next.js 15.5.2
2025-09-09T23:17:29:    - Local:        http://localhost:3000
2025-09-09T23:17:29:    - Network:      http://69.62.73.84:3000
2025-09-09T23:17:29: 
2025-09-09T23:17:29:  ✓ Starting...
2025-09-09T23:17:29:  ✓ Ready in 309ms
